2011-11-07 16:46:57 Error: [MissingActionException] Action AppController::index() could not be found.
#0 /var/www/dbpro/lib/Cake/Routing/Dispatcher.php(107): Controller->invokeAction(Object(CakeRequest))
#1 /var/www/dbpro/lib/Cake/Routing/Dispatcher.php(89): Dispatcher->_invoke(Object(AppController), Object(CakeRequest), Object(CakeResponse))
#2 /var/www/dbpro/app/webroot/index.php(96): Dispatcher->dispatch(Object(CakeRequest), Object(CakeResponse))
#3 /var/www/dbpro/app/index.php(17): require('/var/www/dbpro/...')
#4 {main}
2011-11-07 16:47:07 Error: [MissingActionException] Action AppController::index() could not be found.
#0 /var/www/dbpro/lib/Cake/Routing/Dispatcher.php(107): Controller->invokeAction(Object(CakeRequest))
#1 /var/www/dbpro/lib/Cake/Routing/Dispatcher.php(89): Dispatcher->_invoke(Object(AppController), Object(CakeRequest), Object(CakeResponse))
#2 /var/www/dbpro/app/webroot/index.php(96): Dispatcher->dispatch(Object(CakeRequest), Object(CakeResponse))
#3 /var/www/dbpro/app/index.php(17): require('/var/www/dbpro/...')
#4 {main}
2011-11-07 16:47:18 Error: [MissingActionException] Action AppController::webroot() could not be found.
#0 /var/www/dbpro/lib/Cake/Routing/Dispatcher.php(107): Controller->invokeAction(Object(CakeRequest))
#1 /var/www/dbpro/lib/Cake/Routing/Dispatcher.php(89): Dispatcher->_invoke(Object(AppController), Object(CakeRequest), Object(CakeResponse))
#2 /var/www/dbpro/app/webroot/index.php(96): Dispatcher->dispatch(Object(CakeRequest), Object(CakeResponse))
#3 {main}
2011-11-07 16:47:23 Error: [MissingActionException] Action AppController::webroot() could not be found.
#0 /var/www/dbpro/lib/Cake/Routing/Dispatcher.php(107): Controller->invokeAction(Object(CakeRequest))
#1 /var/www/dbpro/lib/Cake/Routing/Dispatcher.php(89): Dispatcher->_invoke(Object(AppController), Object(CakeRequest), Object(CakeResponse))
#2 /var/www/dbpro/app/webroot/index.php(96): Dispatcher->dispatch(Object(CakeRequest), Object(CakeResponse))
#3 {main}
2011-11-07 21:16:08 Error: [MissingControllerException] Controller class StudentController could not be found.
#0 /var/www/dbpro/app/webroot/index.php(96): Dispatcher->dispatch(Object(CakeRequest), Object(CakeResponse))
#1 {main}
2011-11-07 22:37:32 Error: [PDOException] SQLSTATE[42S22]: Column not found: 1054 Unknown column 'PrerequisitesCourse.prerequisite_id' in 'on clause'
#0 /var/www/dbpro/lib/Cake/Model/Datasource/DboSource.php(436): PDOStatement->execute(Array)
#1 /var/www/dbpro/lib/Cake/Model/Datasource/DboSource.php(403): DboSource->_execute('SELECT `Prerequ...', Array)
#2 /var/www/dbpro/lib/Cake/Model/Datasource/DboSource.php(645): DboSource->execute('SELECT `Prerequ...', Array, Array)
#3 /var/www/dbpro/lib/Cake/Model/Datasource/DboSource.php(1201): DboSource->fetchAll('SELECT `Prerequ...', false)
#4 /var/www/dbpro/lib/Cake/Model/Datasource/DboSource.php(1069): DboSource->queryAssociation(Object(Course), Object(AppModel), 'hasAndBelongsTo...', 'Prerequisite', Array, Array, true, Array, 0, Array)
#5 /var/www/dbpro/lib/Cake/Model/Model.php(2458): DboSource->read(Object(Course), Array)
#6 /var/www/dbpro/lib/Cake/Model/Model.php(1419): Model->find('first', Array)
#7 /var/www/dbpro/app/Controller/CoursesController.php(32): Model->read(NULL, '1')
#8 [internal function]: CoursesController->view('1')
#9 /var/www/dbpro/lib/Cake/Controller/Controller.php(473): ReflectionMethod->invokeArgs(Object(CoursesController), Array)
#10 /var/www/dbpro/lib/Cake/Routing/Dispatcher.php(107): Controller->invokeAction(Object(CakeRequest))
#11 /var/www/dbpro/lib/Cake/Routing/Dispatcher.php(89): Dispatcher->_invoke(Object(CoursesController), Object(CakeRequest), Object(CakeResponse))
#12 /var/www/dbpro/app/webroot/index.php(96): Dispatcher->dispatch(Object(CakeRequest), Object(CakeResponse))
#13 {main}
2011-11-07 23:18:06 Error: [PDOException] SQLSTATE[42S22]: Column not found: 1054 Unknown column 'PrerequisitesCourse.prerequisite_id' in 'on clause'
#0 /var/www/dbpro/lib/Cake/Model/Datasource/DboSource.php(436): PDOStatement->execute(Array)
#1 /var/www/dbpro/lib/Cake/Model/Datasource/DboSource.php(403): DboSource->_execute('SELECT `Prerequ...', Array)
#2 /var/www/dbpro/lib/Cake/Model/Datasource/DboSource.php(645): DboSource->execute('SELECT `Prerequ...', Array, Array)
#3 /var/www/dbpro/lib/Cake/Model/Datasource/DboSource.php(1201): DboSource->fetchAll('SELECT `Prerequ...', false)
#4 /var/www/dbpro/lib/Cake/Model/Datasource/DboSource.php(1069): DboSource->queryAssociation(Object(Course), Object(AppModel), 'hasAndBelongsTo...', 'Prerequisite', Array, Array, true, Array, 0, Array)
#5 /var/www/dbpro/lib/Cake/Model/Model.php(2458): DboSource->read(Object(Course), Array)
#6 /var/www/dbpro/lib/Cake/Model/Model.php(1419): Model->find('first', Array)
#7 /var/www/dbpro/app/Controller/CoursesController.php(32): Model->read(NULL, '1')
#8 [internal function]: CoursesController->view('1')
#9 /var/www/dbpro/lib/Cake/Controller/Controller.php(473): ReflectionMethod->invokeArgs(Object(CoursesController), Array)
#10 /var/www/dbpro/lib/Cake/Routing/Dispatcher.php(107): Controller->invokeAction(Object(CakeRequest))
#11 /var/www/dbpro/lib/Cake/Routing/Dispatcher.php(89): Dispatcher->_invoke(Object(CoursesController), Object(CakeRequest), Object(CakeResponse))
#12 /var/www/dbpro/app/webroot/index.php(96): Dispatcher->dispatch(Object(CakeRequest), Object(CakeResponse))
#13 {main}
2011-11-07 23:45:42 Error: [PDOException] SQLSTATE[42S22]: Column not found: 1054 Unknown column 'PrerequisitesCourse.prerequisite_id' in 'on clause'
#0 /var/www/dbpro/lib/Cake/Model/Datasource/DboSource.php(436): PDOStatement->execute(Array)
#1 /var/www/dbpro/lib/Cake/Model/Datasource/DboSource.php(403): DboSource->_execute('SELECT `Prerequ...', Array)
#2 /var/www/dbpro/lib/Cake/Model/Datasource/DboSource.php(645): DboSource->execute('SELECT `Prerequ...', Array, Array)
#3 /var/www/dbpro/lib/Cake/Model/Datasource/DboSource.php(1201): DboSource->fetchAll('SELECT `Prerequ...', false)
#4 /var/www/dbpro/lib/Cake/Model/Datasource/DboSource.php(1069): DboSource->queryAssociation(Object(Course), Object(AppModel), 'hasAndBelongsTo...', 'Prerequisite', Array, Array, true, Array, 0, Array)
#5 /var/www/dbpro/lib/Cake/Model/Model.php(2458): DboSource->read(Object(Course), Array)
#6 /var/www/dbpro/lib/Cake/Model/Model.php(1419): Model->find('first', Array)
#7 /var/www/dbpro/app/Controller/CoursesController.php(32): Model->read(NULL, '1')
#8 [internal function]: CoursesController->view('1')
#9 /var/www/dbpro/lib/Cake/Controller/Controller.php(473): ReflectionMethod->invokeArgs(Object(CoursesController), Array)
#10 /var/www/dbpro/lib/Cake/Routing/Dispatcher.php(107): Controller->invokeAction(Object(CakeRequest))
#11 /var/www/dbpro/lib/Cake/Routing/Dispatcher.php(89): Dispatcher->_invoke(Object(CoursesController), Object(CakeRequest), Object(CakeResponse))
#12 /var/www/dbpro/app/webroot/index.php(96): Dispatcher->dispatch(Object(CakeRequest), Object(CakeResponse))
#13 {main}
2011-11-08 00:01:45 Error: [PDOException] SQLSTATE[42S22]: Column not found: 1054 Unknown column 'PrerequisitesCourse.prerequisite_id' in 'on clause'
#0 /var/www/dbpro/lib/Cake/Model/Datasource/DboSource.php(436): PDOStatement->execute(Array)
#1 /var/www/dbpro/lib/Cake/Model/Datasource/DboSource.php(403): DboSource->_execute('SELECT `Prerequ...', Array)
#2 /var/www/dbpro/lib/Cake/Model/Datasource/DboSource.php(645): DboSource->execute('SELECT `Prerequ...', Array, Array)
#3 /var/www/dbpro/lib/Cake/Model/Datasource/DboSource.php(1201): DboSource->fetchAll('SELECT `Prerequ...', false)
#4 /var/www/dbpro/lib/Cake/Model/Datasource/DboSource.php(1069): DboSource->queryAssociation(Object(Course), Object(AppModel), 'hasAndBelongsTo...', 'Prerequisite', Array, Array, true, Array, 0, Array)
#5 /var/www/dbpro/lib/Cake/Model/Model.php(2458): DboSource->read(Object(Course), Array)
#6 /var/www/dbpro/lib/Cake/Model/Model.php(1419): Model->find('first', Array)
#7 /var/www/dbpro/app/Controller/CoursesController.php(32): Model->read(NULL, '1')
#8 [internal function]: CoursesController->view('1')
#9 /var/www/dbpro/lib/Cake/Controller/Controller.php(473): ReflectionMethod->invokeArgs(Object(CoursesController), Array)
#10 /var/www/dbpro/lib/Cake/Routing/Dispatcher.php(107): Controller->invokeAction(Object(CakeRequest))
#11 /var/www/dbpro/lib/Cake/Routing/Dispatcher.php(89): Dispatcher->_invoke(Object(CoursesController), Object(CakeRequest), Object(CakeResponse))
#12 /var/www/dbpro/app/webroot/index.php(96): Dispatcher->dispatch(Object(CakeRequest), Object(CakeResponse))
#13 {main}
2011-11-08 00:02:59 Error: [PDOException] SQLSTATE[42S22]: Column not found: 1054 Unknown column 'PrerequisitesCourse.prerequisite_id' in 'on clause'
#0 /var/www/dbpro/lib/Cake/Model/Datasource/DboSource.php(436): PDOStatement->execute(Array)
#1 /var/www/dbpro/lib/Cake/Model/Datasource/DboSource.php(403): DboSource->_execute('SELECT `Prerequ...', Array)
#2 /var/www/dbpro/lib/Cake/Model/Datasource/DboSource.php(645): DboSource->execute('SELECT `Prerequ...', Array, Array)
#3 /var/www/dbpro/lib/Cake/Model/Datasource/DboSource.php(1201): DboSource->fetchAll('SELECT `Prerequ...', false)
#4 /var/www/dbpro/lib/Cake/Model/Datasource/DboSource.php(1069): DboSource->queryAssociation(Object(Course), Object(AppModel), 'hasAndBelongsTo...', 'Prerequisite', Array, Array, true, Array, 0, Array)
#5 /var/www/dbpro/lib/Cake/Model/Model.php(2458): DboSource->read(Object(Course), Array)
#6 /var/www/dbpro/lib/Cake/Model/Model.php(1419): Model->find('first', Array)
#7 /var/www/dbpro/app/Controller/CoursesController.php(32): Model->read(NULL, '1')
#8 [internal function]: CoursesController->view('1')
#9 /var/www/dbpro/lib/Cake/Controller/Controller.php(473): ReflectionMethod->invokeArgs(Object(CoursesController), Array)
#10 /var/www/dbpro/lib/Cake/Routing/Dispatcher.php(107): Controller->invokeAction(Object(CakeRequest))
#11 /var/www/dbpro/lib/Cake/Routing/Dispatcher.php(89): Dispatcher->_invoke(Object(CoursesController), Object(CakeRequest), Object(CakeResponse))
#12 /var/www/dbpro/app/webroot/index.php(96): Dispatcher->dispatch(Object(CakeRequest), Object(CakeResponse))
#13 {main}
2011-11-08 00:03:24 Error: [PDOException] SQLSTATE[42S22]: Column not found: 1054 Unknown column 'PrerequisitesCourse.prerequisite_id' in 'on clause'
#0 /var/www/dbpro/lib/Cake/Model/Datasource/DboSource.php(436): PDOStatement->execute(Array)
#1 /var/www/dbpro/lib/Cake/Model/Datasource/DboSource.php(403): DboSource->_execute('SELECT `Prerequ...', Array)
#2 /var/www/dbpro/lib/Cake/Model/Datasource/DboSource.php(645): DboSource->execute('SELECT `Prerequ...', Array, Array)
#3 /var/www/dbpro/lib/Cake/Model/Datasource/DboSource.php(1201): DboSource->fetchAll('SELECT `Prerequ...', false)
#4 /var/www/dbpro/lib/Cake/Model/Datasource/DboSource.php(1069): DboSource->queryAssociation(Object(Course), Object(AppModel), 'hasAndBelongsTo...', 'Prerequisite', Array, Array, true, Array, 0, Array)
#5 /var/www/dbpro/lib/Cake/Model/Model.php(2458): DboSource->read(Object(Course), Array)
#6 /var/www/dbpro/lib/Cake/Model/Model.php(1419): Model->find('first', Array)
#7 /var/www/dbpro/app/Controller/CoursesController.php(77): Model->read(NULL, '1')
#8 [internal function]: CoursesController->edit('1')
#9 /var/www/dbpro/lib/Cake/Controller/Controller.php(473): ReflectionMethod->invokeArgs(Object(CoursesController), Array)
#10 /var/www/dbpro/lib/Cake/Routing/Dispatcher.php(107): Controller->invokeAction(Object(CakeRequest))
#11 /var/www/dbpro/lib/Cake/Routing/Dispatcher.php(89): Dispatcher->_invoke(Object(CoursesController), Object(CakeRequest), Object(CakeResponse))
#12 /var/www/dbpro/app/webroot/index.php(96): Dispatcher->dispatch(Object(CakeRequest), Object(CakeResponse))
#13 {main}
2011-11-08 07:11:27 Error: [MissingControllerException] Controller class LoginController could not be found.
#0 /var/www/dbpro/app/webroot/index.php(96): Dispatcher->dispatch(Object(CakeRequest), Object(CakeResponse))
#1 {main}
